# JRE version: Java(TM) SE Runtime Environment (11.0.2+9) (build 11.0.2+9-LTS)
# Java VM: Java HotSpot(TM) 64-Bit Server VM (11.0.2+9-LTS, mixed mode, tiered, compressed oops, g1 gc, linux-amd64)
Heap:
 garbage-first heap   total 768000K, used 19691K [0x0000000707400000, 0x0000000800000000)
  region size 1024K, 1 young (1024K), 1 survivors (1024K)
 Metaspace       used 26945K, capacity 27388K, committed 27904K, reserved 1075200K
  class space    used 2896K, capacity 3046K, committed 3072K, reserved 1048576K
GC Heap History (10 events):
Event: 8,350 GC heap after
{Heap after GC invocations=4 (full 0):
 garbage-first heap   total 256000K, used 15406K [0x0000000707400000, 0x0000000800000000)
  region size 1024K, 12 young (12288K), 12 survivors (12288K)
 Metaspace       used 26768K, capacity 27228K, committed 27648K, reserved 1073152K
  class space    used 2887K, capacity 3036K, committed 3072K, reserved 1048576K
}
Event: 8,649 GC heap before
{Heap before GC invocations=4 (full 0):
 garbage-first heap   total 256000K, used 24622K [0x0000000707400000, 0x0000000800000000)
  region size 1024K, 21 young (21504K), 12 survivors (12288K)
 Metaspace       used 26835K, capacity 27294K, committed 27648K, reserved 1073152K
  class space    used 2887K, capacity 3036K, committed 3072K, reserved 1048576K
}
Event: 20,625 GC heap after
{Heap after GC invocations=5 (full 0):
 garbage-first heap   total 256000K, used 18282K [0x0000000707400000, 0x0000000800000000)
  region size 1024K, 3 young (3072K), 3 survivors (3072K)
 Metaspace       used 26835K, capacity 27294K, committed 27648K, reserved 1073152K
  class space    used 2887K, capacity 3036K, committed 3072K, reserved 1048576K
}
Event: 127,454 GC heap before
{Heap before GC invocations=5 (full 0):
 garbage-first heap   total 256000K, used 27498K [0x0000000707400000, 0x0000000800000000)
  region size 1024K, 12 young (12288K), 3 survivors (3072K)
 Metaspace       used 26894K, capacity 27382K, committed 27904K, reserved 1075200K
  class space    used 2894K, capacity 3044K, committed 3072K, reserved 1048576K
}
Event: 134,704 GC heap after
{Heap after GC invocations=6 (full 0):
 garbage-first heap   total 256000K, used 19068K [0x0000000707400000, 0x0000000800000000)
  region size 1024K, 2 young (2048K), 2 survivors (2048K)
 Metaspace       used 26894K, capacity 27382K, committed 27904K, reserved 1075200K
  class space    used 2894K, capacity 3044K, committed 3072K, reserved 1048576K
}
Event: 162,994 GC heap before
{Heap before GC invocations=6 (full 0):
 garbage-first heap   total 256000K, used 29308K [0x0000000707400000, 0x0000000800000000)
  region size 1024K, 12 young (12288K), 2 survivors (2048K)
 Metaspace       used 26922K, capacity 27385K, committed 27904K, reserved 1075200K
  class space    used 2895K, capacity 3045K, committed 3072K, reserved 1048576K
}
Event: 164,244 GC heap after
{Heap after GC invocations=7 (full 0):
 garbage-first heap   total 256000K, used 19513K [0x0000000707400000, 0x0000000800000000)
  region size 1024K, 2 young (2048K), 2 survivors (2048K)
 Metaspace       used 26922K, capacity 27385K, committed 27904K, reserved 1075200K
  class space    used 2895K, capacity 3045K, committed 3072K, reserved 1048576K
}
Event: 169,859 GC heap before
{Heap before GC invocations=7 (full 0):
 garbage-first heap   total 256000K, used 28729K [0x0000000707400000, 0x0000000800000000)
  region size 1024K, 12 young (12288K), 2 survivors (2048K)
 Metaspace       used 26935K, capacity 27385K, committed 27904K, reserved 1075200K
  class space    used 2895K, capacity 3045K, committed 3072K, reserved 1048576K
}
Event: 172,805 GC heap after
{Heap after GC invocations=8 (full 0):
 garbage-first heap   total 256000K, used 19786K [0x0000000707400000, 0x0000000800000000)
  region size 1024K, 1 young (1024K), 1 survivors (1024K)
 Metaspace       used 26935K, capacity 27385K, committed 27904K, reserved 1075200K
  class space    used 2895K, capacity 3045K, committed 3072K, reserved 1048576K
}
Event: 179,583 GC heap before
{Heap before GC invocations=8 (full 0):
 garbage-first heap   total 256000K, used 31050K [0x0000000707400000, 0x0000000800000000)
  region size 1024K, 12 young (12288K), 1 survivors (1024K)
 Metaspace       used 26945K, capacity 27388K, committed 27904K, reserved 1075200K
  class space    used 2896K, capacity 3046K, committed 3072K, reserved 1048576K
}

